<?xml version="1.0" encoding="UTF-8"?>
<robot generator="Robot 7.4.2 (Python 3.13.5 on win32)" generated="2026-03-27T12:47:19.209673" rpa="false" schemaversion="5">
<suite id="s1" name="Open Browser" source="C:\Users\hp5cd\OneDrive\Desktop\capgemniii\ROBO_PY\Selenium\27-March-2026\open_browser.robot">
<test id="s1-t1" name="Opening Chrome Browser" line="6">
<kw name="Open Browser" owner="SeleniumLibrary">
<msg time="2026-03-27T12:47:19.821393" level="INFO">Opening browser 'headlesschrome' to base url 'https://www.cricbuzz.com/'.</msg>
<arg>https://www.cricbuzz.com/</arg>
<arg>headlesschrome</arg>
<doc>Opens a new browser instance to the optional ``url``.</doc>
<status status="PASS" start="2026-03-27T12:47:19.820976" elapsed="3.450038"/>
</kw>
<kw name="Maximize Browser Window" owner="SeleniumLibrary">
<doc>Maximizes current browser window.</doc>
<status status="PASS" start="2026-03-27T12:47:23.273140" elapsed="0.042809"/>
</kw>
<kw name="Log" owner="BuiltIn">
<msg time="2026-03-27T12:47:23.317219" level="INFO">navigated to cricbuzz</msg>
<arg>navigated to cricbuzz</arg>
<doc>Logs the given message with the given level.</doc>
<status status="PASS" start="2026-03-27T12:47:23.316612" elapsed="0.000710"/>
</kw>
<kw name="Log To Console" owner="BuiltIn">
<arg>navigated to cricbuzz</arg>
<doc>Logs the given message to the console.</doc>
<status status="PASS" start="2026-03-27T12:47:23.317689" elapsed="0.000696"/>
</kw>
<kw name="Sleep" owner="BuiltIn">
<msg time="2026-03-27T12:47:26.319739" level="INFO">Slept 3 seconds.</msg>
<arg>3s</arg>
<doc>Pauses the test executed for the given time.</doc>
<status status="PASS" start="2026-03-27T12:47:23.318711" elapsed="3.001237"/>
</kw>
<doc>Chrome browser navigating to https://www.cricbuzz.com/</doc>
<status status="PASS" start="2026-03-27T12:47:19.819059" elapsed="6.501621"/>
</test>
<test id="s1-t2" name="Opening Chrome Browser" line="18">
<kw name="Open Browser" owner="SeleniumLibrary">
<msg time="2026-03-27T12:47:26.323834" level="INFO">Opening browser 'edge' to base url 'https://www.cricbuzz.com/'.</msg>
<arg>https://www.cricbuzz.com/</arg>
<arg>edge</arg>
<doc>Opens a new browser instance to the optional ``url``.</doc>
<status status="PASS" start="2026-03-27T12:47:26.323510" elapsed="4.035991"/>
</kw>
<kw name="Maximize Browser Window" owner="SeleniumLibrary">
<doc>Maximizes current browser window.</doc>
<status status="PASS" start="2026-03-27T12:47:30.360382" elapsed="0.126743"/>
</kw>
<kw name="Log" owner="BuiltIn">
<msg time="2026-03-27T12:47:30.488881" level="INFO">navigated to cricbuzz</msg>
<arg>navigated to cricbuzz</arg>
<doc>Logs the given message with the given level.</doc>
<status status="PASS" start="2026-03-27T12:47:30.488171" elapsed="0.000838"/>
</kw>
<kw name="Log To Console" owner="BuiltIn">
<arg>navigated to cricbuzz</arg>
<doc>Logs the given message to the console.</doc>
<status status="PASS" start="2026-03-27T12:47:30.489692" elapsed="0.001060"/>
</kw>
<kw name="Sleep" owner="BuiltIn">
<msg time="2026-03-27T12:47:33.492974" level="INFO">Slept 3 seconds.</msg>
<arg>3s</arg>
<doc>Pauses the test executed for the given time.</doc>
<status status="PASS" start="2026-03-27T12:47:30.491686" elapsed="3.001578"/>
</kw>
<doc>Edge browser navigating to https://www.cricbuzz.com/</doc>
<status status="PASS" start="2026-03-27T12:47:26.321985" elapsed="7.176114"/>
</test>
<test id="s1-t3" name="Opening Chrome Browser" line="28">
<kw name="Open Browser" owner="SeleniumLibrary">
<msg time="2026-03-27T12:47:33.516671" level="INFO">Opening browser 'firefox' to base url 'https://www.cricbuzz.com/'.</msg>
<arg>https://www.cricbuzz.com/</arg>
<arg>firefox</arg>
<doc>Opens a new browser instance to the optional ``url``.</doc>
<status status="PASS" start="2026-03-27T12:47:33.516077" elapsed="11.532232"/>
</kw>
<kw name="Maximize Browser Window" owner="SeleniumLibrary">
<doc>Maximizes current browser window.</doc>
<status status="PASS" start="2026-03-27T12:47:45.049104" elapsed="0.445799"/>
</kw>
<kw name="Log" owner="BuiltIn">
<msg time="2026-03-27T12:47:45.496144" level="INFO">navigated to cricbuzz</msg>
<arg>navigated to cricbuzz</arg>
<doc>Logs the given message with the given level.</doc>
<status status="PASS" start="2026-03-27T12:47:45.495486" elapsed="0.000811"/>
</kw>
<kw name="Log To Console" owner="BuiltIn">
<arg>navigated to cricbuzz</arg>
<doc>Logs the given message to the console.</doc>
<status status="PASS" start="2026-03-27T12:47:45.496782" elapsed="0.000788"/>
</kw>
<kw name="Sleep" owner="BuiltIn">
<msg time="2026-03-27T12:47:48.499408" level="INFO">Slept 3 seconds.</msg>
<arg>3s</arg>
<doc>Pauses the test executed for the given time.</doc>
<status status="PASS" start="2026-03-27T12:47:45.498038" elapsed="3.002697"/>
</kw>
<kw name="Close All Browsers" owner="SeleniumLibrary">
<doc>Closes all open browsers and resets the browser cache.</doc>
<status status="PASS" start="2026-03-27T12:47:48.515536" elapsed="11.572230"/>
</kw>
<doc>Firefox browser navigating to https://www.cricbuzz.com/</doc>
<status status="PASS" start="2026-03-27T12:47:33.509479" elapsed="26.578930"/>
</test>
<doc>Opening of browsers</doc>
<status status="PASS" start="2026-03-27T12:47:19.212895" elapsed="40.876860"/>
</suite>
<statistics>
<total>
<stat pass="3" fail="0" skip="0">All Tests</stat>
</total>
<tag>
</tag>
<suite>
<stat name="Open Browser" id="s1" pass="3" fail="0" skip="0">Open Browser</stat>
</suite>
</statistics>
<errors>
<msg time="2026-03-27T12:47:26.322214" level="WARN">Multiple tests with name 'Opening Chrome Browser' executed in suite 'Open Browser'.</msg>
<msg time="2026-03-27T12:47:33.509596" level="WARN">Multiple tests with name 'Opening Chrome Browser' executed in suite 'Open Browser'.</msg>
</errors>
</robot>
